[2025-06-15 19:22:06] [CART] [User: 4] [IP: ::1] CART_ACTION: ADD_TO_CART_START | Product: 4 | Quantity: 1
[2025-06-15 19:22:06] [CART] [User: 4] [IP: ::1] CART_ACTION: PRODUCT_FOUND | Product: 4 | Quantity: 1 | Details: Name: Paracetamol 500mg, Price: 25000, Stock: 200
[2025-06-15 19:22:06] [CART] [User: 4] [IP: ::1] CART_ACTION: ADD_TO_CART_SUCCESS | Product: 4 | Quantity: 1 | Details: Cart ID: 1, Cart Count: 2
[2025-06-15 19:33:41] [CART] [User: 4] [IP: ::1] CART_ACTION: ADD_TO_CART_START | Product: 4 | Quantity: 1
[2025-06-15 19:33:41] [CART] [User: 4] [IP: ::1] CART_ACTION: PRODUCT_FOUND | Product: 4 | Quantity: 1 | Details: Name: Paracetamol 500mg, Price: 25000, Stock: 200
[2025-06-15 19:33:41] [CART] [User: 4] [IP: ::1] CART_ACTION: ADD_TO_CART_SUCCESS | Product: 4 | Quantity: 1 | Details: Cart ID: 1, Cart Count: 3
[2025-06-15 19:36:23] [CART] [User: 4] [IP: ::1] CART_ACTION: ADD_TO_CART_START | Product: 4 | Quantity: 1
[2025-06-15 19:36:23] [CART] [User: 4] [IP: ::1] CART_ACTION: PRODUCT_FOUND | Product: 4 | Quantity: 1 | Details: Name: Paracetamol 500mg, Price: 25000, Stock: 200
[2025-06-15 19:36:23] [CART] [User: 4] [IP: ::1] CART_ACTION: ADD_TO_CART_SUCCESS | Product: 4 | Quantity: 1 | Details: Cart ID: 1, Cart Count: 1
[2025-06-15 19:36:26] [CART] [User: 4] [IP: ::1] CART_ACTION: ADD_TO_CART_START | Product: 7 | Quantity: 1
[2025-06-15 19:36:26] [CART] [User: 4] [IP: ::1] CART_ACTION: PRODUCT_FOUND | Product: 7 | Quantity: 1 | Details: Name: Nhiệt kế điện tử, Price: 120000, Stock: 60
[2025-06-15 19:36:26] [CART] [User: 4] [IP: ::1] CART_ACTION: ADD_TO_CART_SUCCESS | Product: 7 | Quantity: 1 | Details: Cart ID: 1, Cart Count: 2
[2025-06-15 19:40:22] [CART] [User: 4] [IP: ::1] CART_ACTION: ADD_TO_CART_START | Product: 4 | Quantity: 1
[2025-06-15 19:40:22] [CART] [User: 4] [IP: ::1] CART_ACTION: PRODUCT_FOUND | Product: 4 | Quantity: 1 | Details: Name: Paracetamol 500mg, Price: 25000, Stock: 200
[2025-06-15 19:40:22] [CART] [User: 4] [IP: ::1] CART_ACTION: ADD_TO_CART_SUCCESS | Product: 4 | Quantity: 1 | Details: Cart ID: 1, Cart Count: 1
[2025-06-15 19:40:25] [CART] [User: 4] [IP: ::1] CART_ACTION: ADD_TO_CART_START | Product: 7 | Quantity: 1
[2025-06-15 19:40:25] [CART] [User: 4] [IP: ::1] CART_ACTION: PRODUCT_FOUND | Product: 7 | Quantity: 1 | Details: Name: Nhiệt kế điện tử, Price: 120000, Stock: 60
[2025-06-15 19:40:25] [CART] [User: 4] [IP: ::1] CART_ACTION: ADD_TO_CART_SUCCESS | Product: 7 | Quantity: 1 | Details: Cart ID: 1, Cart Count: 2
[2025-06-15 19:40:47] [CART] [User: 4] [IP: ::1] CART_ACTION: ADD_TO_CART_START | Product: 7 | Quantity: 1
[2025-06-15 19:40:47] [CART] [User: 4] [IP: ::1] CART_ACTION: PRODUCT_FOUND | Product: 7 | Quantity: 1 | Details: Name: Nhiệt kế điện tử, Price: 120000, Stock: 60
[2025-06-15 19:40:47] [CART] [User: 4] [IP: ::1] CART_ACTION: ADD_TO_CART_SUCCESS | Product: 7 | Quantity: 1 | Details: Cart ID: 1, Cart Count: 3
[2025-06-15 19:40:48] [CART] [User: 4] [IP: ::1] CART_ACTION: ADD_TO_CART_START | Product: 9 | Quantity: 1
[2025-06-15 19:40:48] [CART] [User: 4] [IP: ::1] CART_ACTION: PRODUCT_FOUND | Product: 9 | Quantity: 1 | Details: Name: Băng gạc y tế, Price: 35000, Stock: 200
[2025-06-15 19:40:48] [CART] [User: 4] [IP: ::1] CART_ACTION: ADD_TO_CART_SUCCESS | Product: 9 | Quantity: 1 | Details: Cart ID: 1, Cart Count: 4
[2025-06-15 19:43:22] [CART] [User: 4] [IP: ::1] CART_ACTION: ADD_TO_CART_START | Product: 2 | Quantity: 1
[2025-06-15 19:43:22] [CART] [User: 4] [IP: ::1] CART_ACTION: PRODUCT_FOUND | Product: 2 | Quantity: 1 | Details: Name: Omega 3 Fish Oil, Price: 580000, Stock: 50
[2025-06-15 19:43:22] [CART] [User: 4] [IP: ::1] CART_ACTION: ADD_TO_CART_SUCCESS | Product: 2 | Quantity: 1 | Details: Cart ID: 1, Cart Count: 2
[2025-06-15 19:45:06] [CART] [User: 4] [IP: ::1] CART_ACTION: ADD_TO_CART_START | Product: 2 | Quantity: 1
[2025-06-15 19:45:06] [CART] [User: 4] [IP: ::1] CART_ACTION: PRODUCT_FOUND | Product: 2 | Quantity: 1 | Details: Name: Omega 3 Fish Oil, Price: 580000, Stock: 50
[2025-06-15 19:45:06] [CART] [User: 4] [IP: ::1] CART_ACTION: ADD_TO_CART_SUCCESS | Product: 2 | Quantity: 1 | Details: Cart ID: 1, Cart Count: 1
[2025-06-15 19:45:07] [CART] [User: 4] [IP: ::1] CART_ACTION: ADD_TO_CART_START | Product: 4 | Quantity: 1
[2025-06-15 19:45:07] [CART] [User: 4] [IP: ::1] CART_ACTION: PRODUCT_FOUND | Product: 4 | Quantity: 1 | Details: Name: Paracetamol 500mg, Price: 25000, Stock: 200
[2025-06-15 19:45:07] [CART] [User: 4] [IP: ::1] CART_ACTION: ADD_TO_CART_SUCCESS | Product: 4 | Quantity: 1 | Details: Cart ID: 1, Cart Count: 2
[2025-06-15 19:46:11] [CART] [User: 4] [IP: ::1] CART_ACTION: ADD_TO_CART_START | Product: 9 | Quantity: 1
[2025-06-15 19:46:11] [CART] [User: 4] [IP: ::1] CART_ACTION: PRODUCT_FOUND | Product: 9 | Quantity: 1 | Details: Name: Băng gạc y tế, Price: 35000, Stock: 200
[2025-06-15 19:46:11] [CART] [User: 4] [IP: ::1] CART_ACTION: ADD_TO_CART_SUCCESS | Product: 9 | Quantity: 1 | Details: Cart ID: 1, Cart Count: 2
[2025-06-15 19:46:21] [CART] [User: 4] [IP: ::1] CART_ACTION: ADD_TO_CART_START | Product: 2 | Quantity: 1
[2025-06-15 19:46:21] [CART] [User: 4] [IP: ::1] CART_ACTION: PRODUCT_FOUND | Product: 2 | Quantity: 1 | Details: Name: Omega 3 Fish Oil, Price: 580000, Stock: 50
[2025-06-15 19:46:21] [CART] [User: 4] [IP: ::1] CART_ACTION: ADD_TO_CART_SUCCESS | Product: 2 | Quantity: 1 | Details: Cart ID: 1, Cart Count: 3
[2025-06-15 21:09:47] [CART] [User: 4] [IP: ::1] CART_ACTION: ADD_TO_CART_START | Product: 4 | Quantity: 1
[2025-06-15 21:09:47] [CART] [User: 4] [IP: ::1] CART_ACTION: PRODUCT_FOUND | Product: 4 | Quantity: 1 | Details: Name: Paracetamol 500mg, Price: 25000, Stock: 200
[2025-06-15 21:09:47] [CART] [User: 4] [IP: ::1] CART_ACTION: ADD_TO_CART_SUCCESS | Product: 4 | Quantity: 1 | Details: Cart ID: 1, Cart Count: 1
[2025-06-15 21:13:03] [CART] [User: 4] [IP: ::1] CART_ACTION: ADD_TO_CART_START | Product: 4 | Quantity: 1
[2025-06-15 21:13:03] [CART] [User: 4] [IP: ::1] CART_ACTION: PRODUCT_FOUND | Product: 4 | Quantity: 1 | Details: Name: Paracetamol 500mg, Price: 25000, Stock: 200
[2025-06-15 21:13:03] [CART] [User: 4] [IP: ::1] CART_ACTION: ADD_TO_CART_SUCCESS | Product: 4 | Quantity: 1 | Details: Cart ID: 1, Cart Count: 2
[2025-06-15 21:13:37] [CART] [User: 4] [IP: ::1] CART_ACTION: ADD_TO_CART_START | Product: 4 | Quantity: 1
[2025-06-15 21:13:37] [CART] [User: 4] [IP: ::1] CART_ACTION: PRODUCT_FOUND | Product: 4 | Quantity: 1 | Details: Name: Paracetamol 500mg, Price: 25000, Stock: 200
[2025-06-15 21:13:37] [CART] [User: 4] [IP: ::1] CART_ACTION: ADD_TO_CART_SUCCESS | Product: 4 | Quantity: 1 | Details: Cart ID: 1, Cart Count: 3
[2025-06-15 21:13:37] [CART] [User: 4] [IP: ::1] CART_ACTION: ADD_TO_CART_START | Product: 7 | Quantity: 1
[2025-06-15 21:13:37] [CART] [User: 4] [IP: ::1] CART_ACTION: PRODUCT_FOUND | Product: 7 | Quantity: 1 | Details: Name: Nhiệt kế điện tử, Price: 120000, Stock: 60
[2025-06-15 21:13:37] [CART] [User: 4] [IP: ::1] CART_ACTION: ADD_TO_CART_SUCCESS | Product: 7 | Quantity: 1 | Details: Cart ID: 1, Cart Count: 4
