[2025-06-15 19:36:02] [INFO] [User: 4] [IP: ::1] CART_DEBUG: Found 2 cart items for user 4
[2025-06-15 19:36:02] [INFO] [User: 4] [IP: ::1] CART_DEBUG: Item 0 - ID: 4, Name: Paracetamol 500mg, Price: 25000, Unit Price: 22500
[2025-06-15 19:36:02] [INFO] [User: 4] [IP: ::1] CART_DEBUG: Item 1 - ID: 9, Name: Băng gạc y tế, Price: 35000, Unit Price: 31500
[2025-06-15 19:36:15] [INFO] [User: 4] [IP: ::1] CART_DEBUG: Found 2 cart items for user 4
[2025-06-15 19:36:15] [INFO] [User: 4] [IP: ::1] CART_DEBUG: Item 0 - ID: 4, Name: Paracetamol 500mg, Price: 25000, Unit Price: 22500
[2025-06-15 19:36:15] [INFO] [User: 4] [IP: ::1] CART_DEBUG: Item 1 - ID: 9, Name: Băng gạc y tế, Price: 35000, Unit Price: 31500
[2025-06-15 19:36:18] [INFO] [User: 4] [IP: ::1] CART_DEBUG: Found 1 cart items for user 4
[2025-06-15 19:36:18] [INFO] [User: 4] [IP: ::1] CART_DEBUG: Item 0 - ID: 9, Name: Băng gạc y tế, Price: 35000, Unit Price: 31500
[2025-06-15 19:36:19] [INFO] [User: 4] [IP: ::1] CART_DEBUG: Found 0 cart items for user 4
[2025-06-15 19:36:27] [INFO] [User: 4] [IP: ::1] CART_DEBUG: Found 2 cart items for user 4
[2025-06-15 19:36:27] [INFO] [User: 4] [IP: ::1] CART_DEBUG: Item 0 - ID: 7, Name: Nhiệt kế điện tử, Price: 120000, Unit Price: 108000
[2025-06-15 19:36:27] [INFO] [User: 4] [IP: ::1] CART_DEBUG: Item 1 - ID: 4, Name: Paracetamol 500mg, Price: 25000, Unit Price: 22500
[2025-06-15 19:36:29] [INFO] [User: 4] [IP: ::1] CART_DEBUG: Found 2 cart items for user 4
[2025-06-15 19:36:29] [INFO] [User: 4] [IP: ::1] CART_DEBUG: Item 0 - ID: 7, Name: Nhiệt kế điện tử, Price: 120000, Unit Price: 108000
[2025-06-15 19:36:29] [INFO] [User: 4] [IP: ::1] CART_DEBUG: Item 1 - ID: 4, Name: Paracetamol 500mg, Price: 25000, Unit Price: 22500
[2025-06-15 19:36:49] [INFO] [User: 4] [IP: ::1] CART_DEBUG: Found 2 cart items for user 4
[2025-06-15 19:36:49] [INFO] [User: 4] [IP: ::1] CART_DEBUG: Item 0 - ID: 7, Name: Nhiệt kế điện tử, Price: 120000, Unit Price: 108000
[2025-06-15 19:36:49] [INFO] [User: 4] [IP: ::1] CART_DEBUG: Item 1 - ID: 4, Name: Paracetamol 500mg, Price: 25000, Unit Price: 22500
[2025-06-15 19:37:27] [INFO] [User: 4] [IP: ::1] CART_DEBUG: Found 2 cart items for user 4
[2025-06-15 19:37:27] [INFO] [User: 4] [IP: ::1] CART_DEBUG: Item 0 - ID: 7, Name: Nhiệt kế điện tử, Price: 120000, Unit Price: 108000
[2025-06-15 19:37:27] [INFO] [User: 4] [IP: ::1] CART_DEBUG: Item 1 - ID: 4, Name: Paracetamol 500mg, Price: 25000, Unit Price: 22500
[2025-06-15 19:37:34] [INFO] [User: 4] [IP: ::1] CART_DEBUG: Found 2 cart items for user 4
[2025-06-15 19:37:34] [INFO] [User: 4] [IP: ::1] CART_DEBUG: Item 0 - ID: 7, Name: Nhiệt kế điện tử, Price: 120000, Unit Price: 108000
[2025-06-15 19:37:34] [INFO] [User: 4] [IP: ::1] CART_DEBUG: Item 1 - ID: 4, Name: Paracetamol 500mg, Price: 25000, Unit Price: 22500
[2025-06-15 19:39:11] [INFO] [User: 4] [IP: ::1] CART_DEBUG: Found 2 cart items for user 4
[2025-06-15 19:39:11] [INFO] [User: 4] [IP: ::1] CART_DEBUG: Item 0 - ID: 7, Name: Nhiệt kế điện tử, Price: 120000, Unit Price: 108000
[2025-06-15 19:39:11] [INFO] [User: 4] [IP: ::1] CART_DEBUG: Item 1 - ID: 4, Name: Paracetamol 500mg, Price: 25000, Unit Price: 22500
[2025-06-15 19:39:13] [INFO] [User: 4] [IP: ::1] CART_DEBUG: Found 1 cart items for user 4
[2025-06-15 19:39:13] [INFO] [User: 4] [IP: ::1] CART_DEBUG: Item 0 - ID: 4, Name: Paracetamol 500mg, Price: 25000, Unit Price: 22500
[2025-06-15 19:39:15] [INFO] [User: 4] [IP: ::1] CART_DEBUG: Found 0 cart items for user 4
[2025-06-15 19:40:26] [INFO] [User: 4] [IP: ::1] CART_DEBUG: Found 2 cart items for user 4
[2025-06-15 19:40:26] [INFO] [User: 4] [IP: ::1] CART_DEBUG: Item 0 - ItemID: 24, ProductID: 7, Name: 'Nhiệt kế điện tử', Price: 120000, UnitPrice: 108000, Qty: 1
[2025-06-15 19:40:26] [INFO] [User: 4] [IP: ::1] CART_DEBUG: Item 1 - ItemID: 23, ProductID: 4, Name: 'Paracetamol 500mg', Price: 25000, UnitPrice: 22500, Qty: 1
[2025-06-15 19:40:28] [INFO] [User: 4] [IP: ::1] CART_DEBUG: Found 2 cart items for user 4
[2025-06-15 19:40:28] [INFO] [User: 4] [IP: ::1] CART_DEBUG: Item 0 - ItemID: 24, ProductID: 7, Name: 'Nhiệt kế điện tử', Price: 120000, UnitPrice: 108000, Qty: 1
[2025-06-15 19:40:28] [INFO] [User: 4] [IP: ::1] CART_DEBUG: Item 1 - ItemID: 23, ProductID: 4, Name: 'Paracetamol 500mg', Price: 25000, UnitPrice: 22500, Qty: 1
[2025-06-15 19:40:53] [INFO] [User: 4] [IP: ::1] CART_DEBUG: Found 3 cart items for user 4
[2025-06-15 19:40:53] [INFO] [User: 4] [IP: ::1] CART_DEBUG: Item 0 - ItemID: 25, ProductID: 9, Name: 'Băng gạc y tế', Price: 35000, UnitPrice: 31500, Qty: 1
[2025-06-15 19:40:53] [INFO] [User: 4] [IP: ::1] CART_DEBUG: Item 1 - ItemID: 24, ProductID: 7, Name: 'Nhiệt kế điện tử', Price: 120000, UnitPrice: 108000, Qty: 2
[2025-06-15 19:40:53] [INFO] [User: 4] [IP: ::1] CART_DEBUG: Item 2 - ItemID: 23, ProductID: 4, Name: 'Paracetamol 500mg', Price: 25000, UnitPrice: 22500, Qty: 1
[2025-06-15 19:40:59] [INFO] [User: 4] [IP: ::1] CART_DEBUG: Found 2 cart items for user 4
[2025-06-15 19:40:59] [INFO] [User: 4] [IP: ::1] CART_DEBUG: Item 0 - ItemID: 25, ProductID: 9, Name: 'Băng gạc y tế', Price: 35000, UnitPrice: 31500, Qty: 1
[2025-06-15 19:40:59] [INFO] [User: 4] [IP: ::1] CART_DEBUG: Item 1 - ItemID: 23, ProductID: 4, Name: 'Paracetamol 500mg', Price: 25000, UnitPrice: 22500, Qty: 1
[2025-06-15 19:41:04] [INFO] [User: 4] [IP: ::1] CART_DEBUG: Found 1 cart items for user 4
[2025-06-15 19:41:04] [INFO] [User: 4] [IP: ::1] CART_DEBUG: Item 0 - ItemID: 23, ProductID: 4, Name: 'Paracetamol 500mg', Price: 25000, UnitPrice: 22500, Qty: 1
[2025-06-15 19:41:51] [INFO] [User: 4] [IP: ::1] CART_DEBUG: Found 1 cart items for user 4
[2025-06-15 19:41:51] [INFO] [User: 4] [IP: ::1] CART_DEBUG: Item 0 - ItemID: 23, ProductID: 4, Name: 'Paracetamol 500mg', Price: 25000, UnitPrice: 22500, Qty: 1
[2025-06-15 19:43:30] [INFO] [User: 4] [IP: ::1] CART_DEBUG: Found 2 cart items for user 4
[2025-06-15 19:43:30] [INFO] [User: 4] [IP: ::1] CART_DEBUG: Item 0 - ItemID: 26, ProductID: 2, Name: 'Omega 3 Fish Oil', Price: 580000, UnitPrice: 522000, Qty: 1
[2025-06-15 19:43:30] [INFO] [User: 4] [IP: ::1] CART_DEBUG: Item 1 - ItemID: 23, ProductID: 4, Name: 'Paracetamol 500mg', Price: 25000, UnitPrice: 22500, Qty: 1
[2025-06-15 19:44:19] [INFO] [User: 4] [IP: ::1] CART_DEBUG: Found 2 cart items for user 4
[2025-06-15 19:44:19] [INFO] [User: 4] [IP: ::1] CART_DEBUG: Item 0 - ItemID: 26, ProductID: 2, Name: 'Omega 3 Fish Oil', Price: 580000, UnitPrice: 522000, Qty: 1
[2025-06-15 19:44:19] [INFO] [User: 4] [IP: ::1] CART_DEBUG: Item 1 - ItemID: 23, ProductID: 4, Name: 'Paracetamol 500mg', Price: 25000, UnitPrice: 22500, Qty: 1
[2025-06-15 19:44:21] [INFO] [User: 4] [IP: ::1] CART_DEBUG: Found 1 cart items for user 4
[2025-06-15 19:44:21] [INFO] [User: 4] [IP: ::1] CART_DEBUG: Item 0 - ItemID: 23, ProductID: 4, Name: 'Paracetamol 500mg', Price: 25000, UnitPrice: 22500, Qty: 1
[2025-06-15 19:44:23] [INFO] [User: 4] [IP: ::1] CART_DEBUG: Found 0 cart items for user 4
[2025-06-15 19:45:01] [INFO] [User: 4] [IP: ::1] CART_DEBUG: Found 0 cart items for user 4
[2025-06-15 19:45:08] [INFO] [User: 4] [IP: ::1] CART_DEBUG: Found 2 cart items for user 4
[2025-06-15 19:45:08] [INFO] [User: 4] [IP: ::1] CART_DEBUG: Item 0 - ItemID: 28, ProductID: 4, Name: 'Paracetamol 500mg', Price: 25000, UnitPrice: 22500, Qty: 1
[2025-06-15 19:45:08] [INFO] [User: 4] [IP: ::1] CART_DEBUG: Item 1 - ItemID: 27, ProductID: 2, Name: 'Omega 3 Fish Oil', Price: 580000, UnitPrice: 522000, Qty: 1
[2025-06-15 19:45:12] [INFO] [User: 4] [IP: ::1] CART_DEBUG: Found 2 cart items for user 4
[2025-06-15 19:45:12] [INFO] [User: 4] [IP: ::1] CART_DEBUG: Item 0 - ItemID: 28, ProductID: 4, Name: 'Paracetamol 500mg', Price: 25000, UnitPrice: 22500, Qty: 1
[2025-06-15 19:45:12] [INFO] [User: 4] [IP: ::1] CART_DEBUG: Item 1 - ItemID: 27, ProductID: 2, Name: 'Omega 3 Fish Oil', Price: 580000, UnitPrice: 522000, Qty: 1
[2025-06-15 19:45:14] [INFO] [User: 4] [IP: ::1] CART_DEBUG: Found 1 cart items for user 4
[2025-06-15 19:45:14] [INFO] [User: 4] [IP: ::1] CART_DEBUG: Item 0 - ItemID: 27, ProductID: 2, Name: 'Omega 3 Fish Oil', Price: 580000, UnitPrice: 522000, Qty: 1
[2025-06-15 19:46:06] [INFO] [User: 4] [IP: ::1] CART_DEBUG: Found 1 cart items for user 4
[2025-06-15 19:46:06] [INFO] [User: 4] [IP: ::1] CART_DEBUG: Item 0 - ItemID: 27, ProductID: 2, Name: 'Omega 3 Fish Oil', Price: 580000, UnitPrice: 522000, Qty: 1
[2025-06-15 19:46:12] [INFO] [User: 4] [IP: ::1] CART_DEBUG: Found 2 cart items for user 4
[2025-06-15 19:46:12] [INFO] [User: 4] [IP: ::1] CART_DEBUG: Item 0 - ItemID: 29, ProductID: 9, Name: 'Băng gạc y tế', Price: 35000, UnitPrice: 31500, Qty: 1
[2025-06-15 19:46:12] [INFO] [User: 4] [IP: ::1] CART_DEBUG: Item 1 - ItemID: 27, ProductID: 2, Name: 'Omega 3 Fish Oil', Price: 580000, UnitPrice: 522000, Qty: 1
[2025-06-15 19:46:22] [INFO] [User: 4] [IP: ::1] CART_DEBUG: Found 2 cart items for user 4
[2025-06-15 19:46:22] [INFO] [User: 4] [IP: ::1] CART_DEBUG: Item 0 - ItemID: 29, ProductID: 9, Name: 'Băng gạc y tế', Price: 35000, UnitPrice: 31500, Qty: 1
[2025-06-15 19:46:22] [INFO] [User: 4] [IP: ::1] CART_DEBUG: Item 1 - ItemID: 27, ProductID: 2, Name: 'Omega 3 Fish Oil', Price: 580000, UnitPrice: 522000, Qty: 2
[2025-06-15 19:46:27] [INFO] [User: 4] [IP: ::1] CART_DEBUG: Found 2 cart items for user 4
[2025-06-15 19:46:27] [INFO] [User: 4] [IP: ::1] CART_DEBUG: Item 0 - ItemID: 29, ProductID: 9, Name: 'Băng gạc y tế', Price: 35000, UnitPrice: 31500, Qty: 1
[2025-06-15 19:46:27] [INFO] [User: 4] [IP: ::1] CART_DEBUG: Item 1 - ItemID: 27, ProductID: 2, Name: 'Omega 3 Fish Oil', Price: 580000, UnitPrice: 522000, Qty: 1
[2025-06-15 19:47:42] [INFO] [User: 4] [IP: ::1] CART_DEBUG: Found 2 cart items for user 4
[2025-06-15 19:47:42] [INFO] [User: 4] [IP: ::1] CART_DEBUG: Item 0 - ItemID: 29, ProductID: 9, Name: 'Băng gạc y tế', Price: 35000, UnitPrice: 31500, Qty: 1
[2025-06-15 19:47:42] [INFO] [User: 4] [IP: ::1] CART_DEBUG: Item 1 - ItemID: 27, ProductID: 2, Name: 'Omega 3 Fish Oil', Price: 580000, UnitPrice: 522000, Qty: 1
[2025-06-15 19:49:07] [INFO] [User: 4] [IP: ::1] CART_DEBUG: Found 2 cart items for user 4
[2025-06-15 19:49:07] [INFO] [User: 4] [IP: ::1] CART_DEBUG: Item 0 - ItemID: 29, ProductID: 9, Name: 'Băng gạc y tế', Price: 35000, UnitPrice: 31500, Qty: 1
[2025-06-15 19:49:07] [INFO] [User: 4] [IP: ::1] CART_DEBUG: Item 1 - ItemID: 27, ProductID: 2, Name: 'Omega 3 Fish Oil', Price: 580000, UnitPrice: 522000, Qty: 1
[2025-06-15 21:09:38] [INFO] [User: 4] [IP: ::1] CART_DEBUG: Found 2 cart items for user 4
[2025-06-15 21:09:38] [INFO] [User: 4] [IP: ::1] CART_DEBUG: Item 0 - ItemID: 29, ProductID: 9, Name: 'Băng gạc y tế', Price: 35000, UnitPrice: 31500, Qty: 1
[2025-06-15 21:09:38] [INFO] [User: 4] [IP: ::1] CART_DEBUG: Item 1 - ItemID: 27, ProductID: 2, Name: 'Omega 3 Fish Oil', Price: 580000, UnitPrice: 522000, Qty: 1
[2025-06-15 21:09:40] [INFO] [User: 4] [IP: ::1] CART_DEBUG: Found 1 cart items for user 4
[2025-06-15 21:09:40] [INFO] [User: 4] [IP: ::1] CART_DEBUG: Item 0 - ItemID: 27, ProductID: 2, Name: 'Omega 3 Fish Oil', Price: 580000, UnitPrice: 522000, Qty: 1
[2025-06-15 21:09:41] [INFO] [User: 4] [IP: ::1] CART_DEBUG: Found 0 cart items for user 4
[2025-06-15 21:09:49] [INFO] [User: 4] [IP: ::1] CART_DEBUG: Found 1 cart items for user 4
[2025-06-15 21:09:49] [INFO] [User: 4] [IP: ::1] CART_DEBUG: Item 0 - ItemID: 30, ProductID: 4, Name: 'Paracetamol 500mg', Price: 25000, UnitPrice: 22500, Qty: 1
[2025-06-15 21:13:38] [INFO] [User: 4] [IP: ::1] CART_DEBUG: Found 2 cart items for user 4
[2025-06-15 21:13:38] [INFO] [User: 4] [IP: ::1] CART_DEBUG: Item 0 - ItemID: 31, ProductID: 7, Name: 'Nhiệt kế điện tử', Price: 120000, UnitPrice: 108000, Qty: 1
[2025-06-15 21:13:38] [INFO] [User: 4] [IP: ::1] CART_DEBUG: Item 1 - ItemID: 30, ProductID: 4, Name: 'Paracetamol 500mg', Price: 25000, UnitPrice: 22500, Qty: 3
[2025-06-15 21:13:40] [INFO] [User: 4] [IP: ::1] CART_DEBUG: Found 2 cart items for user 4
[2025-06-15 21:13:40] [INFO] [User: 4] [IP: ::1] CART_DEBUG: Item 0 - ItemID: 31, ProductID: 7, Name: 'Nhiệt kế điện tử', Price: 120000, UnitPrice: 108000, Qty: 1
[2025-06-15 21:13:40] [INFO] [User: 4] [IP: ::1] CART_DEBUG: Item 1 - ItemID: 30, ProductID: 4, Name: 'Paracetamol 500mg', Price: 25000, UnitPrice: 22500, Qty: 2
[2025-06-15 21:14:12] [INFO] [User: 4] [IP: ::1] CART_DEBUG: Found 2 cart items for user 4
[2025-06-15 21:14:12] [INFO] [User: 4] [IP: ::1] CART_DEBUG: Item 0 - ItemID: 31, ProductID: 7, Name: 'Nhiệt kế điện tử', Price: 120000, UnitPrice: 108000, Qty: 1
[2025-06-15 21:14:12] [INFO] [User: 4] [IP: ::1] CART_DEBUG: Item 1 - ItemID: 30, ProductID: 4, Name: 'Paracetamol 500mg', Price: 25000, UnitPrice: 22500, Qty: 2
[2025-06-15 21:14:48] [INFO] [User: 4] [IP: ::1] CART_DEBUG: Found 2 cart items for user 4
[2025-06-15 21:14:48] [INFO] [User: 4] [IP: ::1] CART_DEBUG: Item 0 - ItemID: 31, ProductID: 7, Name: 'Nhiệt kế điện tử', Price: 120000, UnitPrice: 108000, Qty: 2
[2025-06-15 21:14:48] [INFO] [User: 4] [IP: ::1] CART_DEBUG: Item 1 - ItemID: 30, ProductID: 4, Name: 'Paracetamol 500mg', Price: 25000, UnitPrice: 22500, Qty: 2
[2025-06-15 21:14:50] [INFO] [User: 4] [IP: ::1] CART_DEBUG: Found 2 cart items for user 4
[2025-06-15 21:14:50] [INFO] [User: 4] [IP: ::1] CART_DEBUG: Item 0 - ItemID: 31, ProductID: 7, Name: 'Nhiệt kế điện tử', Price: 120000, UnitPrice: 108000, Qty: 2
[2025-06-15 21:14:50] [INFO] [User: 4] [IP: ::1] CART_DEBUG: Item 1 - ItemID: 30, ProductID: 4, Name: 'Paracetamol 500mg', Price: 25000, UnitPrice: 22500, Qty: 2
[2025-06-15 21:15:15] [INFO] [User: 4] [IP: ::1] CART_DEBUG: Found 2 cart items for user 4
[2025-06-15 21:15:15] [INFO] [User: 4] [IP: ::1] CART_DEBUG: Item 0 - ItemID: 31, ProductID: 7, Name: 'Nhiệt kế điện tử', Price: 120000, UnitPrice: 108000, Qty: 2
[2025-06-15 21:15:15] [INFO] [User: 4] [IP: ::1] CART_DEBUG: Item 1 - ItemID: 30, ProductID: 4, Name: 'Paracetamol 500mg', Price: 25000, UnitPrice: 22500, Qty: 2
[2025-06-15 21:15:18] [INFO] [User: 4] [IP: ::1] CART_DEBUG: Found 1 cart items for user 4
[2025-06-15 21:15:18] [INFO] [User: 4] [IP: ::1] CART_DEBUG: Item 0 - ItemID: 30, ProductID: 4, Name: 'Paracetamol 500mg', Price: 25000, UnitPrice: 22500, Qty: 2
[2025-06-15 21:15:21] [INFO] [User: 4] [IP: ::1] CART_DEBUG: Found 0 cart items for user 4
