[2025-07-09 06:44:50] [CART] [User: 1] [IP: ::1] CART_ACTION: ADD_TO_CART_START | Product: 4 | Quantity: 1
[2025-07-09 06:44:50] [CART] [User: 1] [IP: ::1] CART_ACTION: PRODUCT_FOUND | Product: 4 | Quantity: 1 | Details: Name: Paracetamol 500mg, Price: 25000, Stock: 193
[2025-07-09 06:44:50] [CART] [User: 1] [IP: ::1] CART_ACTION: ADD_TO_CART_SUCCESS | Product: 4 | Quantity: 1 | Details: Cart ID: 15, Cart Count: 3
[2025-07-09 06:44:58] [CART] [User: 1] [IP: ::1] CART_ACTION: ADD_TO_CART_START | Product: 3 | Quantity: 1
[2025-07-09 06:44:58] [CART] [User: 1] [IP: ::1] CART_ACTION: PRODUCT_FOUND | Product: 3 | Quantity: 1 | Details: Name: Calcium D3, Price: 250000, Stock: 80
[2025-07-09 06:44:58] [CART] [User: 1] [IP: ::1] CART_ACTION: ADD_TO_CART_SUCCESS | Product: 3 | Quantity: 1 | Details: Cart ID: 15, Cart Count: 4
[2025-07-09 06:45:09] [CART] [User: 1] [IP: ::1] CART_ACTION: ADD_TO_CART_START | Product: 1 | Quantity: 1
[2025-07-09 06:45:09] [CART] [User: 1] [IP: ::1] CART_ACTION: PRODUCT_FOUND | Product: 1 | Quantity: 1 | Details: Name: Vitamin C 1000mg, Price: 320000, Stock: 96
[2025-07-09 06:45:09] [CART] [User: 1] [IP: ::1] CART_ACTION: ADD_TO_CART_SUCCESS | Product: 1 | Quantity: 1 | Details: Cart ID: 15, Cart Count: 5
[2025-07-09 06:52:08] [CART] [User: 1] [IP: ::1] CART_ACTION: ADD_TO_CART_START | Product: 2 | Quantity: 1
[2025-07-09 06:52:08] [CART] [User: 1] [IP: ::1] CART_ACTION: PRODUCT_FOUND | Product: 2 | Quantity: 1 | Details: Name: Omega 3 Fish Oil, Price: 580000, Stock: 40
[2025-07-09 06:52:08] [CART] [User: 1] [IP: ::1] CART_ACTION: ADD_TO_CART_SUCCESS | Product: 2 | Quantity: 1 | Details: Cart ID: 15, Cart Count: 6
[2025-07-09 07:18:21] [CART] [User: 1] [IP: ::1] CART_ACTION: ADD_TO_CART_START | Product: 9 | Quantity: 1
[2025-07-09 07:18:21] [CART] [User: 1] [IP: ::1] CART_ACTION: PRODUCT_FOUND | Product: 9 | Quantity: 1 | Details: Name: Băng gạc y tế, Price: 35000, Stock: 199
[2025-07-09 07:18:21] [CART] [User: 1] [IP: ::1] CART_ACTION: ADD_TO_CART_SUCCESS | Product: 9 | Quantity: 1 | Details: Cart ID: 15, Cart Count: 7
[2025-07-09 07:41:27] [CART] [User: 12] [IP: ::1] CART_ACTION: ADD_TO_CART_START | Product: 2 | Quantity: 1
[2025-07-09 07:41:27] [CART] [User: 12] [IP: ::1] CART_ACTION: PRODUCT_FOUND | Product: 2 | Quantity: 1 | Details: Name: Omega 3 Fish Oil, Price: 580000, Stock: 40
[2025-07-09 07:41:27] [CART] [User: 12] [IP: ::1] CART_ACTION: ADD_TO_CART_SUCCESS | Product: 2 | Quantity: 1 | Details: Cart ID: 18, Cart Count: 1
[2025-07-09 08:04:36] [CART] [User: 1] [IP: ::1] CART_ACTION: ADD_TO_CART_START | Product: 4 | Quantity: 1
[2025-07-09 08:04:36] [CART] [User: 1] [IP: ::1] CART_ACTION: PRODUCT_FOUND | Product: 4 | Quantity: 1 | Details: Name: Paracetamol 500mg, Price: 25000, Stock: 193
[2025-07-09 08:04:36] [CART] [User: 1] [IP: ::1] CART_ACTION: ADD_TO_CART_SUCCESS | Product: 4 | Quantity: 1 | Details: Cart ID: 19, Cart Count: 1
[2025-07-09 08:05:05] [CART] [User: 1] [IP: ::1] CART_ACTION: ADD_TO_CART_START | Product: 9 | Quantity: 1
[2025-07-09 08:05:05] [CART] [User: 1] [IP: ::1] CART_ACTION: PRODUCT_FOUND | Product: 9 | Quantity: 1 | Details: Name: Băng gạc y tế, Price: 35000, Stock: 198
[2025-07-09 08:05:05] [CART] [User: 1] [IP: ::1] CART_ACTION: ADD_TO_CART_SUCCESS | Product: 9 | Quantity: 1 | Details: Cart ID: 19, Cart Count: 2
[2025-07-09 08:23:30] [CART] [User: 12] [IP: ::1] CART_ACTION: ADD_TO_CART_START | Product: 4 | Quantity: 1
[2025-07-09 08:23:30] [CART] [User: 12] [IP: ::1] CART_ACTION: PRODUCT_FOUND | Product: 4 | Quantity: 1 | Details: Name: Paracetamol 500mg, Price: 25000, Stock: 193
[2025-07-09 08:23:30] [CART] [User: 12] [IP: ::1] CART_ACTION: ADD_TO_CART_SUCCESS | Product: 4 | Quantity: 1 | Details: Cart ID: 20, Cart Count: 1
[2025-07-09 08:23:53] [CART] [User: 12] [IP: ::1] CART_ACTION: ADD_TO_CART_START | Product: 1 | Quantity: 1
[2025-07-09 08:23:53] [CART] [User: 12] [IP: ::1] CART_ACTION: PRODUCT_FOUND | Product: 1 | Quantity: 1 | Details: Name: Vitamin C 1000mg, Price: 320000, Stock: 96
[2025-07-09 08:23:53] [CART] [User: 12] [IP: ::1] CART_ACTION: ADD_TO_CART_SUCCESS | Product: 1 | Quantity: 1 | Details: Cart ID: 20, Cart Count: 2
[2025-07-09 08:32:00] [CART] [User: 12] [IP: ::1] CART_ACTION: ADD_TO_CART_START | Product: 3 | Quantity: 1
[2025-07-09 08:32:00] [CART] [User: 12] [IP: ::1] CART_ACTION: PRODUCT_FOUND | Product: 3 | Quantity: 1 | Details: Name: Calcium D3, Price: 250000, Stock: 80
[2025-07-09 08:32:00] [CART] [User: 12] [IP: ::1] CART_ACTION: ADD_TO_CART_SUCCESS | Product: 3 | Quantity: 1 | Details: Cart ID: 20, Cart Count: 3
[2025-07-09 08:32:25] [CART] [User: 12] [IP: ::1] CART_ACTION: ADD_TO_CART_START | Product: 3 | Quantity: 1
[2025-07-09 08:32:25] [CART] [User: 12] [IP: ::1] CART_ACTION: PRODUCT_FOUND | Product: 3 | Quantity: 1 | Details: Name: Calcium D3, Price: 250000, Stock: 80
[2025-07-09 08:32:25] [CART] [User: 12] [IP: ::1] CART_ACTION: ADD_TO_CART_SUCCESS | Product: 3 | Quantity: 1 | Details: Cart ID: 20, Cart Count: 1
[2025-07-09 08:33:27] [CART] [User: 12] [IP: ::1] CART_ACTION: ADD_TO_CART_START | Product: 2 | Quantity: 1
[2025-07-09 08:33:27] [CART] [User: 12] [IP: ::1] CART_ACTION: PRODUCT_FOUND | Product: 2 | Quantity: 1 | Details: Name: Omega 3 Fish Oil, Price: 580000, Stock: 39
[2025-07-09 08:33:27] [CART] [User: 12] [IP: ::1] CART_ACTION: ADD_TO_CART_SUCCESS | Product: 2 | Quantity: 1 | Details: Cart ID: 20, Cart Count: 2
